2026-03-15 16:10:52,306 [INFO] Loaded 6169 tickers from C:\Users\vmc30\OneDrive\Desktop\Personal_Repos\yfinance\data\ticker_universe.json
2026-03-15 16:10:52,307 [INFO] Tickers: 6169 | Chunks: 124 | Already done: 0
2026-03-15 16:10:52,307 [INFO] [1/124] chunk_0000 — 50 tickers: A...ACGLN
2026-03-15 16:10:56,835 [INFO] [2/124] chunk_0001 — 50 tickers: ACGLO...ADM
2026-03-15 16:10:58,796 [INFO] [3/124] chunk_0002 — 50 tickers: ADMA...AFL
2026-03-15 16:11:00,837 [INFO] [4/124] chunk_0003 — 50 tickers: AFRI...AIO
2026-03-15 16:11:02,844 [INFO] [5/124] chunk_0004 — 50 tickers: AIOS...ALIS
2026-03-15 16:11:04,850 [INFO] [6/124] chunk_0005 — 50 tickers: ALIT...AMIX
2026-03-15 16:11:06,866 [INFO] [7/124] chunk_0006 — 50 tickers: AMKR...ANTA
2026-03-15 16:11:08,849 [INFO] [8/124] chunk_0007 — 50 tickers: ANTX...AR
2026-03-15 16:11:10,868 [INFO] [9/124] chunk_0008 — 50 tickers: ARAI...ASBA
2026-03-15 16:11:12,866 [INFO] [10/124] chunk_0009 — 50 tickers: ASBP...ATLC
2026-03-15 16:11:14,842 [INFO] [11/124] chunk_0010 — 50 tickers: ATLCL...AVNW
2026-03-15 16:11:16,816 [INFO] [12/124] chunk_0011 — 50 tickers: AVO...BALY
2026-03-15 16:11:19,117 [INFO] [13/124] chunk_0012 — 50 tickers: BAM...BCG
2026-03-15 16:11:21,095 [INFO] [14/124] chunk_0013 — 50 tickers: BCH...BFH
2026-03-15 16:11:23,106 [INFO] [15/124] chunk_0014 — 50 tickers: BFLY...BIO-B
2026-03-15 16:11:25,111 [INFO] [16/124] chunk_0015 — 50 tickers: BIOA...BLRX
2026-03-15 16:11:27,203 [INFO] [17/124] chunk_0016 — 50 tickers: BLSH...BOLT
2026-03-15 16:11:29,194 [INFO] [18/124] chunk_0017 — 50 tickers: BON...BRZE
2026-03-15 16:11:31,241 [INFO] [19/124] chunk_0018 — 50 tickers: BSAA...BVS
2026-03-15 16:11:33,255 [INFO] [20/124] chunk_0019 — 50 tickers: BW...CAL
2026-03-15 16:11:35,282 [INFO] [21/124] chunk_0020 — 50 tickers: CALC...CC
2026-03-15 16:11:37,283 [INFO] [22/124] chunk_0021 — 50 tickers: CCAP...CDZIP
2026-03-15 16:11:39,333 [INFO] [23/124] chunk_0022 — 50 tickers: CE...CHAI
2026-03-15 16:11:41,287 [INFO] [24/124] chunk_0023 — 50 tickers: CHAR...CIM
2026-03-15 16:11:46,644 [INFO] [25/124] chunk_0024 — 50 tickers: CIMN...CMBM
2026-03-15 16:11:48,793 [INFO] [26/124] chunk_0025 — 50 tickers: CMBT...CNS
2026-03-15 16:11:50,946 [INFO] [27/124] chunk_0026 — 50 tickers: CNSP...CPA
2026-03-15 16:11:53,089 [INFO] [28/124] chunk_0027 — 50 tickers: CPAC...CRM
2026-03-15 16:11:55,197 [INFO] [29/124] chunk_0028 — 50 tickers: CRMD...CTNT
2026-03-15 16:11:57,423 [INFO] [30/124] chunk_0029 — 50 tickers: CTO...CWAN
2026-03-15 16:11:59,620 [INFO] [31/124] chunk_0030 — 50 tickers: CWBC...DBRG
2026-03-15 16:12:01,604 [INFO] [32/124] chunk_0031 — 50 tickers: DBVT...DHCNI
2026-03-15 16:12:03,618 [INFO] [33/124] chunk_0032 — 50 tickers: DHCNL...DNUT
2026-03-15 16:12:05,634 [INFO] [34/124] chunk_0033 — 50 tickers: DOC...DTI
2026-03-15 16:12:07,605 [INFO] [35/124] chunk_0034 — 50 tickers: DTIL...ECCC
2026-03-15 16:12:09,977 [INFO] [36/124] chunk_0035 — 50 tickers: ECCU...EHLD
2026-03-15 16:12:12,011 [INFO] [37/124] chunk_0036 — 50 tickers: EHTH...EMPD
2026-03-15 16:12:14,218 [INFO] [38/124] chunk_0037 — 50 tickers: EMR...EQT
2026-03-15 16:12:16,245 [INFO] [39/124] chunk_0038 — 50 tickers: EQX...EVC
2026-03-15 16:12:18,331 [INFO] [40/124] chunk_0039 — 50 tickers: EVCM...FACT
2026-03-15 16:12:20,342 [INFO] [41/124] chunk_0040 — 50 tickers: FAF...FEAM
2026-03-15 16:12:22,469 [INFO] [42/124] chunk_0041 — 50 tickers: FEBO...FISV
2026-03-15 16:12:24,509 [INFO] [43/124] chunk_0042 — 50 tickers: FITB...FNKO
2026-03-15 16:12:26,769 [INFO] [44/124] chunk_0043 — 50 tickers: FNLC...FSK
2026-03-15 16:12:28,864 [INFO] [45/124] chunk_0044 — 50 tickers: FSLR...FWONA
2026-03-15 16:12:30,840 [INFO] [46/124] chunk_0045 — 50 tickers: FWONK...GDRX
2026-03-15 16:12:32,870 [INFO] [47/124] chunk_0046 — 50 tickers: GDS...GHY
2026-03-15 16:12:43,087 [ERROR] 
1 Failed download:
2026-03-15 16:12:43,088 [ERROR] ['GECCH']: TypeError("'NoneType' object is not subscriptable")
2026-03-15 16:12:44,646 [INFO] [48/124] chunk_0047 — 50 tickers: GIB...GME
2026-03-15 16:12:46,633 [INFO] [49/124] chunk_0048 — 50 tickers: GMED...GRAB
2026-03-15 16:12:48,596 [INFO] [50/124] chunk_0049 — 50 tickers: GRAF...GTM
2026-03-15 16:12:50,652 [INFO] [51/124] chunk_0050 — 50 tickers: GTN...HCI
2026-03-15 16:12:52,638 [INFO] [52/124] chunk_0051 — 50 tickers: HCKT...HKPD
2026-03-15 16:12:54,635 [INFO] [53/124] chunk_0052 — 50 tickers: HL...HQL
2026-03-15 16:12:56,662 [INFO] [54/124] chunk_0053 — 50 tickers: HQY...HURN
2026-03-15 16:12:58,670 [INFO] [55/124] chunk_0054 — 50 tickers: HUT...ICG
2026-03-15 16:13:00,689 [INFO] [56/124] chunk_0055 — 50 tickers: ICHR...ILPT
2026-03-15 16:13:02,718 [INFO] [57/124] chunk_0056 — 50 tickers: IMA...INMD
2026-03-15 16:13:04,832 [INFO] [58/124] chunk_0057 — 50 tickers: INN...IPX
2026-03-15 16:13:06,962 [INFO] [59/124] chunk_0058 — 50 tickers: IQ...IZEA
2026-03-15 16:13:08,943 [INFO] [60/124] chunk_0059 — 50 tickers: IZM...JLL
2026-03-15 16:13:10,933 [INFO] [61/124] chunk_0060 — 50 tickers: JLS...KELYB
2026-03-15 16:13:12,945 [INFO] [62/124] chunk_0061 — 50 tickers: KEN...KNSL
2026-03-15 16:13:14,945 [INFO] [63/124] chunk_0062 — 50 tickers: KNTK...KVUE
2026-03-15 16:13:16,957 [INFO] [64/124] chunk_0063 — 50 tickers: KVYO...LCUT
2026-03-15 16:13:18,981 [INFO] [65/124] chunk_0064 — 50 tickers: LDI...LIF
2026-03-15 16:13:21,038 [INFO] [66/124] chunk_0065 — 50 tickers: LIFE...LODE
2026-03-15 16:13:23,027 [INFO] [67/124] chunk_0066 — 50 tickers: LOGI...LUMN
2026-03-15 16:13:24,977 [INFO] [68/124] chunk_0067 — 50 tickers: LUNG...MAS
2026-03-15 16:13:26,988 [INFO] [69/124] chunk_0068 — 50 tickers: MASI...MCS
2026-03-15 16:13:29,049 [INFO] [70/124] chunk_0069 — 50 tickers: MCW...MG
2026-03-15 16:13:31,094 [INFO] [71/124] chunk_0070 — 50 tickers: MGA...MKDW
2026-03-15 16:13:33,103 [INFO] [72/124] chunk_0071 — 50 tickers: MKL...MOB
2026-03-15 16:13:43,274 [ERROR] 
1 Failed download:
2026-03-15 16:13:43,274 [ERROR] ['MMYT']: TypeError("'NoneType' object is not subscriptable")
2026-03-15 16:13:44,817 [INFO] [73/124] chunk_0072 — 50 tickers: MOBX...MSBIP
2026-03-15 16:13:46,824 [INFO] [74/124] chunk_0073 — 50 tickers: MSC...MUX
2026-03-15 16:13:47,677 [INFO] Loaded 6169 tickers from C:\Users\vmc30\OneDrive\Desktop\Personal_Repos\yfinance\data\ticker_universe.json
2026-03-15 16:13:47,683 [INFO] Tickers: 6169 | Chunks: 124 | Already done: 74
2026-03-15 16:13:47,683 [INFO] [75/124] chunk_0074 — 50 tickers: MVBF...NBB
2026-03-15 16:13:48,876 [INFO] [75/124] chunk_0074 — 50 tickers: MVBF...NBB
2026-03-15 16:13:50,319 [INFO] [76/124] chunk_0075 — 50 tickers: NBBK...NET
2026-03-15 16:13:50,854 [INFO] [76/124] chunk_0075 — 50 tickers: NBBK...NET
2026-03-15 16:13:52,458 [INFO] [77/124] chunk_0076 — 50 tickers: NEU...NKTR
2026-03-15 16:13:52,859 [INFO] [77/124] chunk_0076 — 50 tickers: NEU...NKTR
2026-03-15 16:13:54,560 [INFO] [78/124] chunk_0077 — 50 tickers: NKTX...NPAC
2026-03-15 16:13:54,860 [INFO] [78/124] chunk_0077 — 50 tickers: NKTX...NPAC
2026-03-15 16:13:56,715 [INFO] [79/124] chunk_0078 — 50 tickers: NPB...NTRB
2026-03-15 16:13:56,868 [INFO] [79/124] chunk_0078 — 50 tickers: NPB...NTRB
2026-03-15 16:13:58,890 [INFO] [80/124] chunk_0079 — 50 tickers: NTRP...NWSA
2026-03-15 16:13:58,929 [INFO] [80/124] chunk_0079 — 50 tickers: NTRP...NWSA
2026-03-15 16:14:00,939 [INFO] [81/124] chunk_0080 — 50 tickers: NWTG...ODD
2026-03-15 16:14:01,066 [INFO] [81/124] chunk_0080 — 50 tickers: NWTG...ODD
2026-03-15 16:14:02,979 [INFO] [82/124] chunk_0081 — 50 tickers: ODFL...ON
2026-03-15 16:14:03,197 [INFO] [82/124] chunk_0081 — 50 tickers: ODFL...ON
2026-03-15 16:14:04,982 [INFO] [83/124] chunk_0082 — 50 tickers: ONB...ORIS
2026-03-15 16:14:05,333 [INFO] [83/124] chunk_0082 — 50 tickers: ONB...ORIS
2026-03-15 16:14:07,404 [INFO] [84/124] chunk_0083 — 50 tickers: ORKA...OXSQH
2026-03-15 16:14:07,497 [INFO] [84/124] chunk_0083 — 50 tickers: ORKA...OXSQH
2026-03-15 16:14:09,432 [INFO] [85/124] chunk_0084 — 50 tickers: OXY...PBT
2026-03-15 16:14:09,785 [INFO] [85/124] chunk_0084 — 50 tickers: OXY...PBT
2026-03-15 16:14:11,478 [INFO] [86/124] chunk_0085 — 50 tickers: PBYI...PERI
2026-03-15 16:14:11,923 [INFO] [86/124] chunk_0085 — 50 tickers: PBYI...PERI
2026-03-15 16:14:13,534 [INFO] [87/124] chunk_0086 — 50 tickers: PESI...PINE
2026-03-15 16:14:14,002 [INFO] [87/124] chunk_0086 — 50 tickers: PESI...PINE
2026-03-15 16:14:15,498 [INFO] [88/124] chunk_0087 — 50 tickers: PINS...PMTR
2026-03-15 16:14:16,097 [INFO] [88/124] chunk_0087 — 50 tickers: PINS...PMTR
2026-03-15 16:14:17,462 [INFO] [89/124] chunk_0088 — 50 tickers: PMTS...PRE
2026-03-15 16:14:18,249 [INFO] [89/124] chunk_0088 — 50 tickers: PMTS...PRE
2026-03-15 16:14:19,397 [INFO] [90/124] chunk_0089 — 50 tickers: PRFX...PSTG
2026-03-15 16:14:20,359 [INFO] [90/124] chunk_0089 — 50 tickers: PRFX...PSTG
2026-03-15 16:14:22,423 [INFO] [91/124] chunk_0090 — 50 tickers: PSTL...QNCX
2026-03-15 16:14:24,492 [INFO] [92/124] chunk_0091 — 50 tickers: QNRX...RBNE
2026-03-15 16:14:26,808 [INFO] [93/124] chunk_0092 — 50 tickers: RBRK...RENT
2026-03-15 16:14:28,889 [INFO] [94/124] chunk_0093 — 50 tickers: RENX...RIOT
2026-03-15 16:14:29,417 [ERROR] 
1 Failed download:
2026-03-15 16:14:29,417 [ERROR] ['PRT']: TypeError("'NoneType' object is not subscriptable")
2026-03-15 16:14:30,963 [INFO] [91/124] chunk_0090 — 50 tickers: PSTL...QNCX
2026-03-15 16:14:31,020 [INFO] [95/124] chunk_0094 — 50 tickers: RITM...ROIV
2026-03-15 16:14:32,995 [INFO] [92/124] chunk_0091 — 50 tickers: QNRX...RBNE
2026-03-15 16:14:34,984 [INFO] [93/124] chunk_0092 — 50 tickers: RBRK...RENT
2026-03-15 16:14:36,952 [INFO] [94/124] chunk_0093 — 50 tickers: RENX...RIOT
2026-03-15 16:14:38,935 [INFO] [95/124] chunk_0094 — 50 tickers: RITM...ROIV
2026-03-15 16:14:40,914 [INFO] [96/124] chunk_0095 — 50 tickers: ROK...RWAYI
2026-03-15 16:14:42,166 [INFO] [96/124] chunk_0095 — 50 tickers: ROK...RWAYI
2026-03-15 16:14:42,923 [INFO] [97/124] chunk_0096 — 50 tickers: RWAYL...SAR
2026-03-15 16:14:44,896 [INFO] [97/124] chunk_0096 — 50 tickers: RWAYL...SAR
2026-03-15 16:14:44,901 [INFO] [98/124] chunk_0097 — 50 tickers: SARO...SCVL
2026-03-15 16:14:47,005 [INFO] [99/124] chunk_0098 — 50 tickers: SCWO...SFWL
2026-03-15 16:14:47,040 [INFO] [98/124] chunk_0097 — 50 tickers: SARO...SCVL
2026-03-15 16:14:49,041 [INFO] [100/124] chunk_0099 — 50 tickers: SG...SIMO
2026-03-15 16:14:49,193 [INFO] [99/124] chunk_0098 — 50 tickers: SCWO...SFWL
2026-03-15 16:14:51,068 [INFO] [101/124] chunk_0100 — 50 tickers: SINT...SLRC
2026-03-15 16:14:51,350 [INFO] [100/124] chunk_0099 — 50 tickers: SG...SIMO
2026-03-15 16:14:53,086 [INFO] [102/124] chunk_0101 — 50 tickers: SLS...SNT
2026-03-15 16:14:53,472 [INFO] [101/124] chunk_0100 — 50 tickers: SINT...SLRC
2026-03-15 16:14:55,089 [INFO] [103/124] chunk_0102 — 50 tickers: SNTG...SPHL
2026-03-15 16:14:55,535 [INFO] [102/124] chunk_0101 — 50 tickers: SLS...SNT
2026-03-15 16:14:57,101 [INFO] [104/124] chunk_0103 — 50 tickers: SPHR...SSL
2026-03-15 16:14:57,603 [INFO] [103/124] chunk_0102 — 50 tickers: SNTG...SPHL
2026-03-15 16:14:59,068 [INFO] [105/124] chunk_0104 — 50 tickers: SSM...STRS
2026-03-15 16:14:59,736 [INFO] [104/124] chunk_0103 — 50 tickers: SPHR...SSL
2026-03-15 16:15:01,378 [INFO] [106/124] chunk_0105 — 50 tickers: STRT...SWZ
2026-03-15 16:15:01,857 [INFO] [105/124] chunk_0104 — 50 tickers: SSM...STRS
2026-03-15 16:15:03,335 [INFO] [107/124] chunk_0106 — 50 tickers: SXC...TCBI
2026-03-15 16:15:04,072 [INFO] [106/124] chunk_0105 — 50 tickers: STRT...SWZ
2026-03-15 16:15:05,340 [INFO] [108/124] chunk_0107 — 50 tickers: TCBIO...TFPM
2026-03-15 16:15:06,334 [INFO] [107/124] chunk_0106 — 50 tickers: SXC...TCBI
2026-03-15 16:15:07,499 [INFO] [109/124] chunk_0108 — 50 tickers: TFSA...TLN
2026-03-15 16:15:08,431 [INFO] [108/124] chunk_0107 — 50 tickers: TCBIO...TFPM
2026-03-15 16:15:09,468 [INFO] [110/124] chunk_0109 — 50 tickers: TLNC...TPET
2026-03-15 16:15:10,526 [INFO] [109/124] chunk_0108 — 50 tickers: TFSA...TLN
2026-03-15 16:15:11,438 [INFO] [111/124] chunk_0110 — 50 tickers: TPG...TSCO
2026-03-15 16:15:12,559 [INFO] [110/124] chunk_0109 — 50 tickers: TLNC...TPET
2026-03-15 16:15:13,451 [INFO] [112/124] chunk_0111 — 50 tickers: TSEM...TX
2026-03-15 16:15:14,655 [INFO] [111/124] chunk_0110 — 50 tickers: TPG...TSCO
2026-03-15 16:15:15,787 [INFO] [113/124] chunk_0112 — 50 tickers: TXG...UI
2026-03-15 16:15:17,826 [INFO] [114/124] chunk_0113 — 50 tickers: UIS...USEA
2026-03-15 16:15:19,943 [INFO] [115/124] chunk_0114 — 50 tickers: USEG...VEEA
2026-03-15 16:15:20,907 [INFO] [112/124] chunk_0111 — 50 tickers: TSEM...TX
2026-03-15 16:15:21,914 [INFO] [116/124] chunk_0115 — 50 tickers: VEEE...VLTO
2026-03-15 16:15:22,987 [INFO] [113/124] chunk_0112 — 50 tickers: TXG...UI
2026-03-15 16:15:24,132 [INFO] [117/124] chunk_0116 — 50 tickers: VLY...VSNT
2026-03-15 16:15:25,139 [INFO] [114/124] chunk_0113 — 50 tickers: UIS...USEA
2026-03-15 16:15:26,359 [INFO] [118/124] chunk_0117 — 50 tickers: VST...WCC
2026-03-15 16:15:27,218 [INFO] [115/124] chunk_0114 — 50 tickers: USEG...VEEA
2026-03-15 16:15:28,303 [INFO] [119/124] chunk_0118 — 50 tickers: WCN...WIX
2026-03-15 16:15:29,313 [INFO] [116/124] chunk_0115 — 50 tickers: VEEE...VLTO
2026-03-15 16:15:30,328 [INFO] [120/124] chunk_0119 — 50 tickers: WK...WSO-B
2026-03-15 16:15:31,375 [INFO] [117/124] chunk_0116 — 50 tickers: VLY...VSNT
2026-03-15 16:15:32,545 [INFO] [121/124] chunk_0120 — 50 tickers: WSR...XLO
2026-03-15 16:15:33,429 [INFO] [118/124] chunk_0117 — 50 tickers: VST...WCC
2026-03-15 16:15:34,500 [INFO] [122/124] chunk_0121 — 50 tickers: XMTR...YIBO
2026-03-15 16:15:35,572 [INFO] [119/124] chunk_0118 — 50 tickers: WCN...WIX
2026-03-15 16:15:36,454 [INFO] [123/124] chunk_0122 — 50 tickers: YJ...ZLAB
2026-03-15 16:15:37,610 [INFO] [120/124] chunk_0119 — 50 tickers: WK...WSO-B
2026-03-15 16:15:38,409 [INFO] [124/124] chunk_0123 — 19 tickers: ZM...ZYME
2026-03-15 16:15:39,704 [INFO] [121/124] chunk_0120 — 50 tickers: WSR...XLO
2026-03-15 16:15:40,093 [INFO] Download pass complete.
2026-03-15 16:15:40,095 [INFO] Consolidating 124 parquet files...
2026-03-15 16:15:41,011 [INFO] Raw total: 298,984 rows, 6157 tickers
2026-03-15 16:15:41,191 [INFO] Saved: C:\Users\vmc30\OneDrive\Desktop\Personal_Repos\yfinance\oos\data\us_equities_2026_ohlcv.parquet  (219,121 rows, 4473 tickers)
2026-03-15 16:15:41,827 [INFO] [122/124] chunk_0121 — 50 tickers: XMTR...YIBO
2026-03-15 16:15:43,957 [INFO] [123/124] chunk_0122 — 50 tickers: YJ...ZLAB
2026-03-15 16:15:46,648 [INFO] [124/124] chunk_0123 — 19 tickers: ZM...ZYME
2026-03-15 16:15:48,380 [INFO] Download pass complete.
2026-03-15 16:15:48,383 [INFO] Consolidating 124 parquet files...
2026-03-15 16:15:48,618 [INFO] Raw total: 298,984 rows, 6157 tickers
2026-03-15 16:15:48,800 [INFO] Saved: C:\Users\vmc30\OneDrive\Desktop\Personal_Repos\yfinance\oos\data\us_equities_2026_ohlcv.parquet  (219,121 rows, 4473 tickers)
